DEBUG:urllib3.connectionpool:Starting new HTTPS connection (1): api.binance.com
DEBUG:urllib3.connectionpool:https://api.binance.com:443 "GET /api/v1/ping HTTP/1.1" 200 None
DEBUG:urllib3.connectionpool:https://api.binance.com:443 "GET /api/v1/klines?interval=30m&symbol=NEOUSDT HTTP/1.1" 200 None
DEBUG:urllib3.connectionpool:https://api.binance.com:443 "GET /api/v1/trades?limit=1&symbol=NEOUSDT HTTP/1.1" 200 None
DEBUG:urllib3.connectionpool:Starting new HTTPS connection (1): api.binance.com
DEBUG:urllib3.connectionpool:https://api.binance.com:443 "GET /api/v1/ping HTTP/1.1" 200 None
DEBUG:urllib3.connectionpool:https://api.binance.com:443 "GET /api/v1/klines?interval=30m&symbol=NEOUSDT HTTP/1.1" 200 None
DEBUG:urllib3.connectionpool:https://api.binance.com:443 "GET /api/v1/trades?limit=1&symbol=NEOUSDT HTTP/1.1" 200 None
DEBUG:urllib3.connectionpool:Starting new HTTPS connection (1): api.binance.com
DEBUG:urllib3.connectionpool:https://api.binance.com:443 "GET /api/v1/ping HTTP/1.1" 200 None
DEBUG:urllib3.connectionpool:https://api.binance.com:443 "GET /api/v1/klines?interval=30m&symbol=NEOUSDT HTTP/1.1" 200 None
DEBUG:urllib3.connectionpool:https://api.binance.com:443 "GET /api/v1/trades?limit=1&symbol=NEOUSDT HTTP/1.1" 200 None
INFO:root:Uptrend at 0.05000000000001137, Heading Up at 25.730322408216225
INFO:root:bought at 115.351]n
DEBUG:urllib3.connectionpool:https://api.binance.com:443 "GET /api/v1/klines?interval=30m&symbol=NEOUSDT HTTP/1.1" 200 None
DEBUG:urllib3.connectionpool:https://api.binance.com:443 "GET /api/v1/trades?limit=1&symbol=NEOUSDT HTTP/1.1" 200 None
DEBUG:urllib3.connectionpool:https://api.binance.com:443 "GET /api/v1/klines?interval=30m&symbol=NEOUSDT HTTP/1.1" 200 None
DEBUG:urllib3.connectionpool:https://api.binance.com:443 "GET /api/v1/trades?limit=1&symbol=NEOUSDT HTTP/1.1" 200 None
DEBUG:urllib3.connectionpool:https://api.binance.com:443 "GET /api/v1/klines?interval=30m&symbol=NEOUSDT HTTP/1.1" 200 None
DEBUG:urllib3.connectionpool:https://api.binance.com:443 "GET /api/v1/trades?limit=1&symbol=NEOUSDT HTTP/1.1" 200 None
DEBUG:urllib3.connectionpool:https://api.binance.com:443 "GET /api/v1/klines?interval=30m&symbol=NEOUSDT HTTP/1.1" 200 None
DEBUG:urllib3.connectionpool:https://api.binance.com:443 "GET /api/v1/trades?limit=1&symbol=NEOUSDT HTTP/1.1" 200 None
DEBUG:urllib3.connectionpool:https://api.binance.com:443 "GET /api/v1/klines?interval=30m&symbol=NEOUSDT HTTP/1.1" 200 None
DEBUG:urllib3.connectionpool:https://api.binance.com:443 "GET /api/v1/trades?limit=1&symbol=NEOUSDT HTTP/1.1" 200 None
DEBUG:urllib3.connectionpool:https://api.binance.com:443 "GET /api/v1/klines?interval=30m&symbol=NEOUSDT HTTP/1.1" 200 None
DEBUG:urllib3.connectionpool:https://api.binance.com:443 "GET /api/v1/trades?limit=1&symbol=NEOUSDT HTTP/1.1" 200 None
DEBUG:urllib3.connectionpool:Starting new HTTPS connection (1): api.binance.com
DEBUG:urllib3.connectionpool:https://api.binance.com:443 "GET /api/v1/ping HTTP/1.1" 200 None
DEBUG:urllib3.connectionpool:Starting new HTTPS connection (1): api.binance.com
DEBUG:urllib3.connectionpool:https://api.binance.com:443 "GET /api/v1/ping HTTP/1.1" 200 None
DEBUG:urllib3.connectionpool:Starting new HTTPS connection (1): api.binance.com
DEBUG:urllib3.connectionpool:https://api.binance.com:443 "GET /api/v1/ping HTTP/1.1" 200 None
DEBUG:urllib3.connectionpool:Starting new HTTPS connection (1): api.binance.com
DEBUG:urllib3.connectionpool:https://api.binance.com:443 "GET /api/v1/ping HTTP/1.1" 200 None
DEBUG:urllib3.connectionpool:https://api.binance.com:443 "GET /api/v1/klines?interval=30m&symbol=NEOUSDT HTTP/1.1" 200 None
DEBUG:urllib3.connectionpool:https://api.binance.com:443 "GET /api/v1/trades?limit=1&symbol=NEOUSDT HTTP/1.1" 200 None
INFO:root:Uptrend at 0.04008333333332814, Heading Up at 24.76275585545379
INFO:root:bought at 114.6]n
DEBUG:urllib3.connectionpool:https://api.binance.com:443 "GET /api/v1/klines?interval=30m&symbol=NEOUSDT HTTP/1.1" 200 None
DEBUG:urllib3.connectionpool:https://api.binance.com:443 "GET /api/v1/trades?limit=1&symbol=NEOUSDT HTTP/1.1" 200 None
DEBUG:urllib3.connectionpool:https://api.binance.com:443 "GET /api/v1/klines?interval=30m&symbol=NEOUSDT HTTP/1.1" 200 None
DEBUG:urllib3.connectionpool:https://api.binance.com:443 "GET /api/v1/trades?limit=1&symbol=NEOUSDT HTTP/1.1" 200 None
DEBUG:urllib3.connectionpool:https://api.binance.com:443 "GET /api/v1/klines?interval=30m&symbol=NEOUSDT HTTP/1.1" 200 None
DEBUG:urllib3.connectionpool:https://api.binance.com:443 "GET /api/v1/trades?limit=1&symbol=NEOUSDT HTTP/1.1" 200 None
DEBUG:urllib3.connectionpool:https://api.binance.com:443 "GET /api/v1/klines?interval=30m&symbol=NEOUSDT HTTP/1.1" 200 None
DEBUG:urllib3.connectionpool:https://api.binance.com:443 "GET /api/v1/trades?limit=1&symbol=NEOUSDT HTTP/1.1" 200 None
DEBUG:urllib3.connectionpool:https://api.binance.com:443 "GET /api/v1/klines?interval=30m&symbol=NEOUSDT HTTP/1.1" 200 None
DEBUG:urllib3.connectionpool:https://api.binance.com:443 "GET /api/v1/trades?limit=1&symbol=NEOUSDT HTTP/1.1" 200 None
DEBUG:urllib3.connectionpool:Starting new HTTPS connection (1): api.binance.com
DEBUG:urllib3.connectionpool:https://api.binance.com:443 "GET /api/v1/ping HTTP/1.1" 200 None
DEBUG:urllib3.connectionpool:Starting new HTTPS connection (1): api.binance.com
DEBUG:urllib3.connectionpool:https://api.binance.com:443 "GET /api/v1/ping HTTP/1.1" 200 None
DEBUG:urllib3.connectionpool:https://api.binance.com:443 "GET /api/v1/klines?interval=30m&symbol=NEOUSDT HTTP/1.1" 200 None
DEBUG:urllib3.connectionpool:https://api.binance.com:443 "GET /api/v1/trades?limit=1&symbol=NEOUSDT HTTP/1.1" 200 None
INFO:root:Uptrend at 0.04008333333332814, Heading Up at 24.963755855453797
INFO:root:bought at 114.801]n
DEBUG:urllib3.connectionpool:https://api.binance.com:443 "GET /api/v1/klines?interval=30m&symbol=NEOUSDT HTTP/1.1" 200 None
DEBUG:urllib3.connectionpool:https://api.binance.com:443 "GET /api/v1/trades?limit=1&symbol=NEOUSDT HTTP/1.1" 200 None
DEBUG:urllib3.connectionpool:Starting new HTTPS connection (1): api.binance.com
DEBUG:urllib3.connectionpool:https://api.binance.com:443 "GET /api/v1/ping HTTP/1.1" 200 None
DEBUG:urllib3.connectionpool:https://api.binance.com:443 "GET /api/v1/klines?interval=30m&symbol=NEOUSDT HTTP/1.1" 200 None
DEBUG:urllib3.connectionpool:https://api.binance.com:443 "GET /api/v1/trades?limit=1&symbol=NEOUSDT HTTP/1.1" 200 None
INFO:root:Uptrend at 0.04008333333332814, Heading Up at 24.915755855453796
INFO:root:bought at 114.753]n
DEBUG:urllib3.connectionpool:https://api.binance.com:443 "GET /api/v1/klines?interval=30m&symbol=NEOUSDT HTTP/1.1" 200 None
DEBUG:urllib3.connectionpool:https://api.binance.com:443 "GET /api/v1/trades?limit=1&symbol=NEOUSDT HTTP/1.1" 200 None
DEBUG:urllib3.connectionpool:https://api.binance.com:443 "GET /api/v1/klines?interval=30m&symbol=NEOUSDT HTTP/1.1" 200 None
DEBUG:urllib3.connectionpool:https://api.binance.com:443 "GET /api/v1/trades?limit=1&symbol=NEOUSDT HTTP/1.1" 200 None
DEBUG:urllib3.connectionpool:Starting new HTTPS connection (1): api.binance.com
DEBUG:urllib3.connectionpool:https://api.binance.com:443 "GET /api/v1/ping HTTP/1.1" 200 None
DEBUG:urllib3.connectionpool:https://api.binance.com:443 "GET /api/v1/klines?interval=30m&symbol=NEOUSDT HTTP/1.1" 200 None
DEBUG:urllib3.connectionpool:https://api.binance.com:443 "GET /api/v1/trades?limit=1&symbol=NEOUSDT HTTP/1.1" 200 None
DEBUG:urllib3.connectionpool:Starting new HTTPS connection (1): api.binance.com
DEBUG:urllib3.connectionpool:https://api.binance.com:443 "GET /api/v1/ping HTTP/1.1" 200 None
DEBUG:urllib3.connectionpool:https://api.binance.com:443 "GET /api/v1/klines?interval=30m&symbol=NEOUSDT HTTP/1.1" 200 None
DEBUG:urllib3.connectionpool:https://api.binance.com:443 "GET /api/v1/trades?limit=1&symbol=NEOUSDT HTTP/1.1" 200 None
INFO:root:Uptrend at 0.04008333333332814, Heading Up at 24.6247558554538
INFO:root:bought at 114.462]n
DEBUG:urllib3.connectionpool:https://api.binance.com:443 "GET /api/v1/klines?interval=30m&symbol=NEOUSDT HTTP/1.1" 200 None
DEBUG:urllib3.connectionpool:https://api.binance.com:443 "GET /api/v1/trades?limit=1&symbol=NEOUSDT HTTP/1.1" 200 None
DEBUG:urllib3.connectionpool:https://api.binance.com:443 "GET /api/v1/klines?interval=30m&symbol=NEOUSDT HTTP/1.1" 200 None
DEBUG:urllib3.connectionpool:https://api.binance.com:443 "GET /api/v1/trades?limit=1&symbol=NEOUSDT HTTP/1.1" 200 None
DEBUG:urllib3.connectionpool:https://api.binance.com:443 "GET /api/v1/klines?interval=30m&symbol=NEOUSDT HTTP/1.1" 200 None
DEBUG:urllib3.connectionpool:https://api.binance.com:443 "GET /api/v1/trades?limit=1&symbol=NEOUSDT HTTP/1.1" 200 None
DEBUG:urllib3.connectionpool:https://api.binance.com:443 "GET /api/v1/klines?interval=30m&symbol=NEOUSDT HTTP/1.1" 200 None
DEBUG:urllib3.connectionpool:https://api.binance.com:443 "GET /api/v1/trades?limit=1&symbol=NEOUSDT HTTP/1.1" 200 None
DEBUG:urllib3.connectionpool:https://api.binance.com:443 "GET /api/v1/klines?interval=30m&symbol=NEOUSDT HTTP/1.1" 200 None
DEBUG:urllib3.connectionpool:https://api.binance.com:443 "GET /api/v1/trades?limit=1&symbol=NEOUSDT HTTP/1.1" 200 None
DEBUG:urllib3.connectionpool:Starting new HTTPS connection (1): api.binance.com
DEBUG:urllib3.connectionpool:https://api.binance.com:443 "GET /api/v1/ping HTTP/1.1" 200 None
DEBUG:urllib3.connectionpool:https://api.binance.com:443 "GET /api/v1/klines?interval=30m&symbol=NEOUSDT HTTP/1.1" 200 None
DEBUG:urllib3.connectionpool:https://api.binance.com:443 "GET /api/v1/trades?limit=1&symbol=NEOUSDT HTTP/1.1" 200 None
INFO:root:Uptrend at 0.04008333333332814, Heading Up at 24.6247558554538
INFO:root:bought at 114.462]n
DEBUG:urllib3.connectionpool:https://api.binance.com:443 "GET /api/v1/klines?interval=30m&symbol=NEOUSDT HTTP/1.1" 200 None
DEBUG:urllib3.connectionpool:https://api.binance.com:443 "GET /api/v1/trades?limit=1&symbol=NEOUSDT HTTP/1.1" 200 None
DEBUG:urllib3.connectionpool:https://api.binance.com:443 "GET /api/v1/klines?interval=30m&symbol=NEOUSDT HTTP/1.1" 200 None
DEBUG:urllib3.connectionpool:https://api.binance.com:443 "GET /api/v1/trades?limit=1&symbol=NEOUSDT HTTP/1.1" 200 None
DEBUG:urllib3.connectionpool:https://api.binance.com:443 "GET /api/v1/klines?interval=30m&symbol=NEOUSDT HTTP/1.1" 200 None
DEBUG:urllib3.connectionpool:https://api.binance.com:443 "GET /api/v1/trades?limit=1&symbol=NEOUSDT HTTP/1.1" 200 None
DEBUG:urllib3.connectionpool:https://api.binance.com:443 "GET /api/v1/klines?interval=30m&symbol=NEOUSDT HTTP/1.1" 200 None
DEBUG:urllib3.connectionpool:https://api.binance.com:443 "GET /api/v1/trades?limit=1&symbol=NEOUSDT HTTP/1.1" 200 None
DEBUG:urllib3.connectionpool:https://api.binance.com:443 "GET /api/v1/klines?interval=30m&symbol=NEOUSDT HTTP/1.1" 200 None
DEBUG:urllib3.connectionpool:https://api.binance.com:443 "GET /api/v1/trades?limit=1&symbol=NEOUSDT HTTP/1.1" 200 None
DEBUG:urllib3.connectionpool:https://api.binance.com:443 "GET /api/v1/klines?interval=30m&symbol=NEOUSDT HTTP/1.1" 200 None
DEBUG:urllib3.connectionpool:https://api.binance.com:443 "GET /api/v1/trades?limit=1&symbol=NEOUSDT HTTP/1.1" 200 None
DEBUG:urllib3.connectionpool:https://api.binance.com:443 "GET /api/v1/klines?interval=30m&symbol=NEOUSDT HTTP/1.1" 200 None
DEBUG:urllib3.connectionpool:https://api.binance.com:443 "GET /api/v1/trades?limit=1&symbol=NEOUSDT HTTP/1.1" 200 None
DEBUG:urllib3.connectionpool:https://api.binance.com:443 "GET /api/v1/klines?interval=30m&symbol=NEOUSDT HTTP/1.1" 200 None
DEBUG:urllib3.connectionpool:https://api.binance.com:443 "GET /api/v1/trades?limit=1&symbol=NEOUSDT HTTP/1.1" 200 None
DEBUG:urllib3.connectionpool:https://api.binance.com:443 "GET /api/v1/klines?interval=30m&symbol=NEOUSDT HTTP/1.1" 200 None
DEBUG:urllib3.connectionpool:https://api.binance.com:443 "GET /api/v1/trades?limit=1&symbol=NEOUSDT HTTP/1.1" 200 None
DEBUG:urllib3.connectionpool:https://api.binance.com:443 "GET /api/v1/klines?interval=30m&symbol=NEOUSDT HTTP/1.1" 200 None
DEBUG:urllib3.connectionpool:https://api.binance.com:443 "GET /api/v1/trades?limit=1&symbol=NEOUSDT HTTP/1.1" 200 None
DEBUG:urllib3.connectionpool:https://api.binance.com:443 "GET /api/v1/klines?interval=30m&symbol=NEOUSDT HTTP/1.1" 200 None
DEBUG:urllib3.connectionpool:https://api.binance.com:443 "GET /api/v1/trades?limit=1&symbol=NEOUSDT HTTP/1.1" 200 None
DEBUG:urllib3.connectionpool:https://api.binance.com:443 "GET /api/v1/klines?interval=30m&symbol=NEOUSDT HTTP/1.1" 200 None
DEBUG:urllib3.connectionpool:https://api.binance.com:443 "GET /api/v1/trades?limit=1&symbol=NEOUSDT HTTP/1.1" 200 None
DEBUG:urllib3.connectionpool:https://api.binance.com:443 "GET /api/v1/klines?interval=30m&symbol=NEOUSDT HTTP/1.1" 200 None
DEBUG:urllib3.connectionpool:https://api.binance.com:443 "GET /api/v1/trades?limit=1&symbol=NEOUSDT HTTP/1.1" 200 None
DEBUG:urllib3.connectionpool:https://api.binance.com:443 "GET /api/v1/klines?interval=30m&symbol=NEOUSDT HTTP/1.1" 200 None
DEBUG:urllib3.connectionpool:https://api.binance.com:443 "GET /api/v1/trades?limit=1&symbol=NEOUSDT HTTP/1.1" 200 None
DEBUG:urllib3.connectionpool:https://api.binance.com:443 "GET /api/v1/klines?interval=30m&symbol=NEOUSDT HTTP/1.1" 200 None
DEBUG:urllib3.connectionpool:https://api.binance.com:443 "GET /api/v1/trades?limit=1&symbol=NEOUSDT HTTP/1.1" 200 None
DEBUG:urllib3.connectionpool:https://api.binance.com:443 "GET /api/v1/klines?interval=30m&symbol=NEOUSDT HTTP/1.1" 200 None
DEBUG:urllib3.connectionpool:https://api.binance.com:443 "GET /api/v1/trades?limit=1&symbol=NEOUSDT HTTP/1.1" 200 None
DEBUG:urllib3.connectionpool:https://api.binance.com:443 "GET /api/v1/klines?interval=30m&symbol=NEOUSDT HTTP/1.1" 200 None
DEBUG:urllib3.connectionpool:https://api.binance.com:443 "GET /api/v1/trades?limit=1&symbol=NEOUSDT HTTP/1.1" 200 None
DEBUG:urllib3.connectionpool:https://api.binance.com:443 "GET /api/v1/klines?interval=30m&symbol=NEOUSDT HTTP/1.1" 200 None
DEBUG:urllib3.connectionpool:https://api.binance.com:443 "GET /api/v1/trades?limit=1&symbol=NEOUSDT HTTP/1.1" 200 None
DEBUG:urllib3.connectionpool:Starting new HTTPS connection (1): api.binance.com
DEBUG:urllib3.connectionpool:https://api.binance.com:443 "GET /api/v1/ping HTTP/1.1" 200 None
DEBUG:urllib3.connectionpool:https://api.binance.com:443 "GET /api/v1/klines?interval=30m&symbol=NEOUSDT HTTP/1.1" 200 None
DEBUG:urllib3.connectionpool:https://api.binance.com:443 "GET /api/v1/trades?limit=1&symbol=NEOUSDT HTTP/1.1" 200 None
INFO:root:Uptrend at 0.04008333333332814, Heading Up at 24.412755855453796
INFO:root:bought at 114.25]n
DEBUG:urllib3.connectionpool:https://api.binance.com:443 "GET /api/v1/klines?interval=30m&symbol=NEOUSDT HTTP/1.1" 200 None
DEBUG:urllib3.connectionpool:https://api.binance.com:443 "GET /api/v1/trades?limit=1&symbol=NEOUSDT HTTP/1.1" 200 None
DEBUG:urllib3.connectionpool:https://api.binance.com:443 "GET /api/v1/klines?interval=30m&symbol=NEOUSDT HTTP/1.1" 200 None
DEBUG:urllib3.connectionpool:https://api.binance.com:443 "GET /api/v1/trades?limit=1&symbol=NEOUSDT HTTP/1.1" 200 None
DEBUG:urllib3.connectionpool:https://api.binance.com:443 "GET /api/v1/klines?interval=30m&symbol=NEOUSDT HTTP/1.1" 200 None
DEBUG:urllib3.connectionpool:https://api.binance.com:443 "GET /api/v1/trades?limit=1&symbol=NEOUSDT HTTP/1.1" 200 None
DEBUG:urllib3.connectionpool:https://api.binance.com:443 "GET /api/v1/klines?interval=30m&symbol=NEOUSDT HTTP/1.1" 200 None
DEBUG:urllib3.connectionpool:https://api.binance.com:443 "GET /api/v1/trades?limit=1&symbol=NEOUSDT HTTP/1.1" 200 None
DEBUG:urllib3.connectionpool:https://api.binance.com:443 "GET /api/v1/klines?interval=30m&symbol=NEOUSDT HTTP/1.1" 200 None
DEBUG:urllib3.connectionpool:https://api.binance.com:443 "GET /api/v1/trades?limit=1&symbol=NEOUSDT HTTP/1.1" 200 None
DEBUG:urllib3.connectionpool:https://api.binance.com:443 "GET /api/v1/klines?interval=30m&symbol=NEOUSDT HTTP/1.1" 200 None
DEBUG:urllib3.connectionpool:https://api.binance.com:443 "GET /api/v1/trades?limit=1&symbol=NEOUSDT HTTP/1.1" 200 None
DEBUG:urllib3.connectionpool:https://api.binance.com:443 "GET /api/v1/klines?interval=30m&symbol=NEOUSDT HTTP/1.1" 200 None
DEBUG:urllib3.connectionpool:https://api.binance.com:443 "GET /api/v1/trades?limit=1&symbol=NEOUSDT HTTP/1.1" 200 None
DEBUG:urllib3.connectionpool:https://api.binance.com:443 "GET /api/v1/klines?interval=30m&symbol=NEOUSDT HTTP/1.1" 200 None
DEBUG:urllib3.connectionpool:https://api.binance.com:443 "GET /api/v1/trades?limit=1&symbol=NEOUSDT HTTP/1.1" 200 None
DEBUG:urllib3.connectionpool:https://api.binance.com:443 "GET /api/v1/klines?interval=30m&symbol=NEOUSDT HTTP/1.1" 200 None
DEBUG:urllib3.connectionpool:https://api.binance.com:443 "GET /api/v1/trades?limit=1&symbol=NEOUSDT HTTP/1.1" 200 None
DEBUG:urllib3.connectionpool:https://api.binance.com:443 "GET /api/v1/klines?interval=30m&symbol=NEOUSDT HTTP/1.1" 200 None
DEBUG:urllib3.connectionpool:https://api.binance.com:443 "GET /api/v1/trades?limit=1&symbol=NEOUSDT HTTP/1.1" 200 None
DEBUG:urllib3.connectionpool:https://api.binance.com:443 "GET /api/v1/klines?interval=30m&symbol=NEOUSDT HTTP/1.1" 200 None
DEBUG:urllib3.connectionpool:https://api.binance.com:443 "GET /api/v1/trades?limit=1&symbol=NEOUSDT HTTP/1.1" 200 None
DEBUG:urllib3.connectionpool:https://api.binance.com:443 "GET /api/v1/klines?interval=30m&symbol=NEOUSDT HTTP/1.1" 200 None
DEBUG:urllib3.connectionpool:https://api.binance.com:443 "GET /api/v1/trades?limit=1&symbol=NEOUSDT HTTP/1.1" 200 None
DEBUG:urllib3.connectionpool:https://api.binance.com:443 "GET /api/v1/klines?interval=30m&symbol=NEOUSDT HTTP/1.1" 200 None
DEBUG:urllib3.connectionpool:https://api.binance.com:443 "GET /api/v1/trades?limit=1&symbol=NEOUSDT HTTP/1.1" 200 None
DEBUG:urllib3.connectionpool:https://api.binance.com:443 "GET /api/v1/klines?interval=30m&symbol=NEOUSDT HTTP/1.1" 200 None
DEBUG:urllib3.connectionpool:https://api.binance.com:443 "GET /api/v1/trades?limit=1&symbol=NEOUSDT HTTP/1.1" 200 None
