DEBUG:urllib3.connectionpool:Starting new HTTPS connection (1): api.binance.com
DEBUG:urllib3.connectionpool:https://api.binance.com:443 "GET /api/v1/ping HTTP/1.1" 200 None
DEBUG:urllib3.connectionpool:https://api.binance.com:443 "GET /api/v1/klines?interval=30m&symbol=NEOUSDT HTTP/1.1" 200 None
DEBUG:urllib3.connectionpool:https://api.binance.com:443 "GET /api/v1/trades?limit=1&symbol=NEOUSDT HTTP/1.1" 200 None
INFO:root:Downtrend at -0.006099999999975125, Heading Up 2.058753382048536

INFO:root:new buy at 112.75
DEBUG:urllib3.connectionpool:https://api.binance.com:443 "GET /api/v1/klines?interval=30m&symbol=NEOUSDT HTTP/1.1" 200 None
DEBUG:urllib3.connectionpool:https://api.binance.com:443 "GET /api/v1/trades?limit=1&symbol=NEOUSDT HTTP/1.1" 200 None
INFO:root:Current price is 112.889
INFO:root:Downtrend at -0.006099999999975125, Heading Up at 2.197753382048532

DEBUG:urllib3.connectionpool:https://api.binance.com:443 "GET /api/v1/klines?interval=30m&symbol=NEOUSDT HTTP/1.1" 200 None
DEBUG:urllib3.connectionpool:https://api.binance.com:443 "GET /api/v1/trades?limit=1&symbol=NEOUSDT HTTP/1.1" 200 None
INFO:root:Current price is 112.889
INFO:root:Downtrend at -0.006099999999975125, Heading Up at 2.197753382048532

DEBUG:urllib3.connectionpool:https://api.binance.com:443 "GET /api/v1/klines?interval=30m&symbol=NEOUSDT HTTP/1.1" 200 None
DEBUG:urllib3.connectionpool:https://api.binance.com:443 "GET /api/v1/trades?limit=1&symbol=NEOUSDT HTTP/1.1" 200 None
INFO:root:Current price is 112.889
INFO:root:Downtrend at -0.006099999999975125, Heading Up at 2.197753382048532

DEBUG:urllib3.connectionpool:https://api.binance.com:443 "GET /api/v1/klines?interval=30m&symbol=NEOUSDT HTTP/1.1" 200 None
DEBUG:urllib3.connectionpool:https://api.binance.com:443 "GET /api/v1/trades?limit=1&symbol=NEOUSDT HTTP/1.1" 200 None
INFO:root:Current price is 112.889
INFO:root:Downtrend at -0.006099999999975125, Heading Up at 2.197753382048532

DEBUG:urllib3.connectionpool:https://api.binance.com:443 "GET /api/v1/klines?interval=30m&symbol=NEOUSDT HTTP/1.1" 200 None
DEBUG:urllib3.connectionpool:https://api.binance.com:443 "GET /api/v1/trades?limit=1&symbol=NEOUSDT HTTP/1.1" 200 None
INFO:root:Current price is 112.752
INFO:root:Downtrend at -0.006099999999975125, Heading Up at 2.0607533820485315

DEBUG:urllib3.connectionpool:https://api.binance.com:443 "GET /api/v1/klines?interval=30m&symbol=NEOUSDT HTTP/1.1" 200 None
DEBUG:urllib3.connectionpool:https://api.binance.com:443 "GET /api/v1/trades?limit=1&symbol=NEOUSDT HTTP/1.1" 200 None
INFO:root:Current price is 112.96
INFO:root:Downtrend at -0.006099999999975125, Heading Up at 2.26875338204853

DEBUG:urllib3.connectionpool:https://api.binance.com:443 "GET /api/v1/klines?interval=30m&symbol=NEOUSDT HTTP/1.1" 200 None
DEBUG:urllib3.connectionpool:https://api.binance.com:443 "GET /api/v1/trades?limit=1&symbol=NEOUSDT HTTP/1.1" 200 None
INFO:root:Current price is 112.96
INFO:root:Downtrend at -0.006099999999975125, Heading Up at 2.26875338204853

DEBUG:urllib3.connectionpool:https://api.binance.com:443 "GET /api/v1/klines?interval=30m&symbol=NEOUSDT HTTP/1.1" 200 None
DEBUG:urllib3.connectionpool:https://api.binance.com:443 "GET /api/v1/trades?limit=1&symbol=NEOUSDT HTTP/1.1" 200 None
INFO:root:Current price is 112.96
INFO:root:Downtrend at -0.006099999999975125, Heading Up at 2.26875338204853

DEBUG:urllib3.connectionpool:https://api.binance.com:443 "GET /api/v1/klines?interval=30m&symbol=NEOUSDT HTTP/1.1" 200 None
DEBUG:urllib3.connectionpool:https://api.binance.com:443 "GET /api/v1/trades?limit=1&symbol=NEOUSDT HTTP/1.1" 200 None
INFO:root:Current price is 112.969
INFO:root:Downtrend at -0.006099999999975125, Heading Up at 2.2777533820485303

DEBUG:urllib3.connectionpool:https://api.binance.com:443 "GET /api/v1/klines?interval=30m&symbol=NEOUSDT HTTP/1.1" 200 None
DEBUG:urllib3.connectionpool:https://api.binance.com:443 "GET /api/v1/trades?limit=1&symbol=NEOUSDT HTTP/1.1" 200 None
INFO:root:Current price is 112.969
INFO:root:Downtrend at -0.006099999999975125, Heading Up at 2.2777533820485303

DEBUG:urllib3.connectionpool:https://api.binance.com:443 "GET /api/v1/klines?interval=30m&symbol=NEOUSDT HTTP/1.1" 200 None
DEBUG:urllib3.connectionpool:https://api.binance.com:443 "GET /api/v1/trades?limit=1&symbol=NEOUSDT HTTP/1.1" 200 None
INFO:root:Current price is 112.969
INFO:root:Downtrend at -0.006099999999975125, Heading Up at 2.2777533820485303

DEBUG:urllib3.connectionpool:https://api.binance.com:443 "GET /api/v1/klines?interval=30m&symbol=NEOUSDT HTTP/1.1" 200 None
DEBUG:urllib3.connectionpool:https://api.binance.com:443 "GET /api/v1/trades?limit=1&symbol=NEOUSDT HTTP/1.1" 200 None
INFO:root:Current price is 112.88
INFO:root:Downtrend at -0.006099999999975125, Heading Up at 2.1887533820485316

DEBUG:urllib3.connectionpool:https://api.binance.com:443 "GET /api/v1/klines?interval=30m&symbol=NEOUSDT HTTP/1.1" 200 None
DEBUG:urllib3.connectionpool:https://api.binance.com:443 "GET /api/v1/trades?limit=1&symbol=NEOUSDT HTTP/1.1" 200 None
INFO:root:Current price is 112.88
INFO:root:Downtrend at -0.006099999999975125, Heading Up at 2.1887533820485316

DEBUG:urllib3.connectionpool:https://api.binance.com:443 "GET /api/v1/klines?interval=30m&symbol=NEOUSDT HTTP/1.1" 200 None
DEBUG:urllib3.connectionpool:https://api.binance.com:443 "GET /api/v1/trades?limit=1&symbol=NEOUSDT HTTP/1.1" 200 None
INFO:root:Current price is 112.88
INFO:root:Downtrend at -0.006099999999975125, Heading Up at 2.1887533820485316

DEBUG:urllib3.connectionpool:https://api.binance.com:443 "GET /api/v1/klines?interval=30m&symbol=NEOUSDT HTTP/1.1" 200 None
DEBUG:urllib3.connectionpool:https://api.binance.com:443 "GET /api/v1/trades?limit=1&symbol=NEOUSDT HTTP/1.1" 200 None
INFO:root:Current price is 112.98
INFO:root:Downtrend at -0.006099999999975125, Heading Up at 2.28875338204854

DEBUG:urllib3.connectionpool:https://api.binance.com:443 "GET /api/v1/klines?interval=30m&symbol=NEOUSDT HTTP/1.1" 200 None
DEBUG:urllib3.connectionpool:https://api.binance.com:443 "GET /api/v1/trades?limit=1&symbol=NEOUSDT HTTP/1.1" 200 None
INFO:root:Current price is 113.12
INFO:root:Downtrend at -0.006099999999975125, Heading Up at 2.4287533820485407

DEBUG:urllib3.connectionpool:https://api.binance.com:443 "GET /api/v1/klines?interval=30m&symbol=NEOUSDT HTTP/1.1" 200 None
DEBUG:urllib3.connectionpool:https://api.binance.com:443 "GET /api/v1/trades?limit=1&symbol=NEOUSDT HTTP/1.1" 200 None
INFO:root:Current price is 113.17
INFO:root:Downtrend at -0.006099999999975125, Heading Up at 2.478753382048538

DEBUG:urllib3.connectionpool:https://api.binance.com:443 "GET /api/v1/klines?interval=30m&symbol=NEOUSDT HTTP/1.1" 200 None
DEBUG:urllib3.connectionpool:https://api.binance.com:443 "GET /api/v1/trades?limit=1&symbol=NEOUSDT HTTP/1.1" 200 None
INFO:root:Current price is 113.12
INFO:root:Downtrend at -0.006099999999975125, Heading Up at 2.4287533820485407

DEBUG:urllib3.connectionpool:https://api.binance.com:443 "GET /api/v1/klines?interval=30m&symbol=NEOUSDT HTTP/1.1" 200 None
DEBUG:urllib3.connectionpool:https://api.binance.com:443 "GET /api/v1/trades?limit=1&symbol=NEOUSDT HTTP/1.1" 200 None
INFO:root:Current price is 113.03
INFO:root:Downtrend at -0.006099999999975125, Heading Up at 2.3387533820485373

DEBUG:urllib3.connectionpool:https://api.binance.com:443 "GET /api/v1/klines?interval=30m&symbol=NEOUSDT HTTP/1.1" 200 None
DEBUG:urllib3.connectionpool:https://api.binance.com:443 "GET /api/v1/trades?limit=1&symbol=NEOUSDT HTTP/1.1" 200 None
INFO:root:Current price is 112.97
INFO:root:Downtrend at -0.006099999999975125, Heading Up at 2.278753382048535

DEBUG:urllib3.connectionpool:https://api.binance.com:443 "GET /api/v1/klines?interval=30m&symbol=NEOUSDT HTTP/1.1" 200 None
DEBUG:urllib3.connectionpool:https://api.binance.com:443 "GET /api/v1/trades?limit=1&symbol=NEOUSDT HTTP/1.1" 200 None
INFO:root:Current price is 112.97
INFO:root:Downtrend at -0.006099999999975125, Heading Up at 2.278753382048535

DEBUG:urllib3.connectionpool:https://api.binance.com:443 "GET /api/v1/klines?interval=30m&symbol=NEOUSDT HTTP/1.1" 200 None
DEBUG:urllib3.connectionpool:https://api.binance.com:443 "GET /api/v1/trades?limit=1&symbol=NEOUSDT HTTP/1.1" 200 None
INFO:root:Current price is 112.99
INFO:root:Downtrend at -0.006099999999975125, Heading Up at 2.298753382048531

DEBUG:urllib3.connectionpool:https://api.binance.com:443 "GET /api/v1/klines?interval=30m&symbol=NEOUSDT HTTP/1.1" 200 None
DEBUG:urllib3.connectionpool:https://api.binance.com:443 "GET /api/v1/trades?limit=1&symbol=NEOUSDT HTTP/1.1" 200 None
INFO:root:Current price is 112.99
INFO:root:Downtrend at -0.006099999999975125, Heading Up at 2.298753382048531

DEBUG:urllib3.connectionpool:https://api.binance.com:443 "GET /api/v1/klines?interval=30m&symbol=NEOUSDT HTTP/1.1" 200 None
DEBUG:urllib3.connectionpool:https://api.binance.com:443 "GET /api/v1/trades?limit=1&symbol=NEOUSDT HTTP/1.1" 200 None
INFO:root:Current price is 112.99
INFO:root:Downtrend at -0.006099999999975125, Heading Up at 2.298753382048531

DEBUG:urllib3.connectionpool:https://api.binance.com:443 "GET /api/v1/klines?interval=30m&symbol=NEOUSDT HTTP/1.1" 200 None
DEBUG:urllib3.connectionpool:https://api.binance.com:443 "GET /api/v1/trades?limit=1&symbol=NEOUSDT HTTP/1.1" 200 None
INFO:root:Current price is 112.99
INFO:root:Downtrend at -0.006099999999975125, Heading Up at 2.298753382048531

DEBUG:urllib3.connectionpool:https://api.binance.com:443 "GET /api/v1/klines?interval=30m&symbol=NEOUSDT HTTP/1.1" 200 None
DEBUG:urllib3.connectionpool:https://api.binance.com:443 "GET /api/v1/trades?limit=1&symbol=NEOUSDT HTTP/1.1" 200 None
INFO:root:Current price is 112.99
INFO:root:Downtrend at -0.006099999999975125, Heading Up at 2.298753382048531

DEBUG:urllib3.connectionpool:https://api.binance.com:443 "GET /api/v1/klines?interval=30m&symbol=NEOUSDT HTTP/1.1" 200 None
DEBUG:urllib3.connectionpool:https://api.binance.com:443 "GET /api/v1/trades?limit=1&symbol=NEOUSDT HTTP/1.1" 200 None
INFO:root:Current price is 112.922
INFO:root:Downtrend at -0.006099999999975125, Heading Up at 2.2307533820485332

DEBUG:urllib3.connectionpool:https://api.binance.com:443 "GET /api/v1/klines?interval=30m&symbol=NEOUSDT HTTP/1.1" 200 None
DEBUG:urllib3.connectionpool:https://api.binance.com:443 "GET /api/v1/trades?limit=1&symbol=NEOUSDT HTTP/1.1" 200 None
INFO:root:Current price is 112.989
INFO:root:Downtrend at -0.006099999999975125, Heading Up at 2.2977533820485405

DEBUG:urllib3.connectionpool:https://api.binance.com:443 "GET /api/v1/klines?interval=30m&symbol=NEOUSDT HTTP/1.1" 200 None
DEBUG:urllib3.connectionpool:https://api.binance.com:443 "GET /api/v1/trades?limit=1&symbol=NEOUSDT HTTP/1.1" 200 None
INFO:root:Current price is 112.7
INFO:root:Downtrend at -0.006099999999975125, Heading Up at 2.008753382048539

DEBUG:urllib3.connectionpool:https://api.binance.com:443 "GET /api/v1/klines?interval=30m&symbol=NEOUSDT HTTP/1.1" 200 None
DEBUG:urllib3.connectionpool:https://api.binance.com:443 "GET /api/v1/trades?limit=1&symbol=NEOUSDT HTTP/1.1" 200 None
INFO:root:Current price is 112.988
INFO:root:Downtrend at -0.006099999999975125, Heading Up at 2.2967533820485357

DEBUG:urllib3.connectionpool:https://api.binance.com:443 "GET /api/v1/klines?interval=30m&symbol=NEOUSDT HTTP/1.1" 200 None
DEBUG:urllib3.connectionpool:https://api.binance.com:443 "GET /api/v1/trades?limit=1&symbol=NEOUSDT HTTP/1.1" 200 None
INFO:root:Current price is 112.988
INFO:root:Downtrend at -0.006099999999975125, Heading Up at 2.2967533820485357

DEBUG:urllib3.connectionpool:https://api.binance.com:443 "GET /api/v1/klines?interval=30m&symbol=NEOUSDT HTTP/1.1" 200 None
DEBUG:urllib3.connectionpool:https://api.binance.com:443 "GET /api/v1/trades?limit=1&symbol=NEOUSDT HTTP/1.1" 200 None
INFO:root:Current price is 112.91
INFO:root:Downtrend at -0.006099999999975125, Heading Up at 2.218753382048533

DEBUG:urllib3.connectionpool:https://api.binance.com:443 "GET /api/v1/klines?interval=30m&symbol=NEOUSDT HTTP/1.1" 200 None
DEBUG:urllib3.connectionpool:https://api.binance.com:443 "GET /api/v1/trades?limit=1&symbol=NEOUSDT HTTP/1.1" 200 None
INFO:root:Current price is 112.91
INFO:root:Downtrend at -0.006099999999975125, Heading Up at 2.218753382048533

DEBUG:urllib3.connectionpool:https://api.binance.com:443 "GET /api/v1/klines?interval=30m&symbol=NEOUSDT HTTP/1.1" 200 None
DEBUG:urllib3.connectionpool:https://api.binance.com:443 "GET /api/v1/trades?limit=1&symbol=NEOUSDT HTTP/1.1" 200 None
INFO:root:Current price is 112.91
INFO:root:Downtrend at -0.006099999999975125, Heading Up at 2.218753382048533

DEBUG:urllib3.connectionpool:https://api.binance.com:443 "GET /api/v1/klines?interval=30m&symbol=NEOUSDT HTTP/1.1" 200 None
DEBUG:urllib3.connectionpool:https://api.binance.com:443 "GET /api/v1/trades?limit=1&symbol=NEOUSDT HTTP/1.1" 200 None
INFO:root:Current price is 112.85
INFO:root:Downtrend at -0.006099999999975125, Heading Up at 2.1587533820485305

DEBUG:urllib3.connectionpool:https://api.binance.com:443 "GET /api/v1/klines?interval=30m&symbol=NEOUSDT HTTP/1.1" 200 None
DEBUG:urllib3.connectionpool:https://api.binance.com:443 "GET /api/v1/trades?limit=1&symbol=NEOUSDT HTTP/1.1" 200 None
INFO:root:Current price is 112.85
INFO:root:Downtrend at -0.006099999999975125, Heading Up at 2.1587533820485305

DEBUG:urllib3.connectionpool:https://api.binance.com:443 "GET /api/v1/klines?interval=30m&symbol=NEOUSDT HTTP/1.1" 200 None
DEBUG:urllib3.connectionpool:https://api.binance.com:443 "GET /api/v1/trades?limit=1&symbol=NEOUSDT HTTP/1.1" 200 None
INFO:root:Current price is 112.85
INFO:root:Downtrend at -0.006099999999975125, Heading Up at 2.1587533820485305

DEBUG:urllib3.connectionpool:https://api.binance.com:443 "GET /api/v1/klines?interval=30m&symbol=NEOUSDT HTTP/1.1" 200 None
DEBUG:urllib3.connectionpool:https://api.binance.com:443 "GET /api/v1/trades?limit=1&symbol=NEOUSDT HTTP/1.1" 200 None
INFO:root:Current price is 112.85
INFO:root:Downtrend at -0.006099999999975125, Heading Up at 2.1587533820485305

DEBUG:urllib3.connectionpool:https://api.binance.com:443 "GET /api/v1/klines?interval=30m&symbol=NEOUSDT HTTP/1.1" 200 None
DEBUG:urllib3.connectionpool:https://api.binance.com:443 "GET /api/v1/trades?limit=1&symbol=NEOUSDT HTTP/1.1" 200 None
INFO:root:Current price is 112.91
INFO:root:Downtrend at -0.006099999999975125, Heading Up at 2.218753382048533

DEBUG:urllib3.connectionpool:https://api.binance.com:443 "GET /api/v1/klines?interval=30m&symbol=NEOUSDT HTTP/1.1" 200 None
DEBUG:urllib3.connectionpool:https://api.binance.com:443 "GET /api/v1/trades?limit=1&symbol=NEOUSDT HTTP/1.1" 200 None
INFO:root:Current price is 112.734
INFO:root:Downtrend at -0.006099999999975125, Heading Up at 2.042753382048531

DEBUG:urllib3.connectionpool:https://api.binance.com:443 "GET /api/v1/klines?interval=30m&symbol=NEOUSDT HTTP/1.1" 200 None
DEBUG:urllib3.connectionpool:https://api.binance.com:443 "GET /api/v1/trades?limit=1&symbol=NEOUSDT HTTP/1.1" 200 None
INFO:root:Current price is 112.92
INFO:root:Downtrend at -0.006099999999975125, Heading Up at 2.228753382048538

DEBUG:urllib3.connectionpool:https://api.binance.com:443 "GET /api/v1/klines?interval=30m&symbol=NEOUSDT HTTP/1.1" 200 None
DEBUG:urllib3.connectionpool:https://api.binance.com:443 "GET /api/v1/trades?limit=1&symbol=NEOUSDT HTTP/1.1" 200 None
INFO:root:Current price is 112.92
INFO:root:Downtrend at -0.006099999999975125, Heading Up at 2.228753382048538

DEBUG:urllib3.connectionpool:https://api.binance.com:443 "GET /api/v1/klines?interval=30m&symbol=NEOUSDT HTTP/1.1" 200 None
DEBUG:urllib3.connectionpool:https://api.binance.com:443 "GET /api/v1/trades?limit=1&symbol=NEOUSDT HTTP/1.1" 200 None
INFO:root:Current price is 112.92
INFO:root:Downtrend at -0.006099999999975125, Heading Up at 2.228753382048538

DEBUG:urllib3.connectionpool:https://api.binance.com:443 "GET /api/v1/klines?interval=30m&symbol=NEOUSDT HTTP/1.1" 200 None
DEBUG:urllib3.connectionpool:https://api.binance.com:443 "GET /api/v1/trades?limit=1&symbol=NEOUSDT HTTP/1.1" 200 None
INFO:root:Current price is 112.903
INFO:root:Downtrend at -0.006099999999975125, Heading Up at 2.211753382048542

DEBUG:urllib3.connectionpool:https://api.binance.com:443 "GET /api/v1/klines?interval=30m&symbol=NEOUSDT HTTP/1.1" 200 None
DEBUG:urllib3.connectionpool:https://api.binance.com:443 "GET /api/v1/trades?limit=1&symbol=NEOUSDT HTTP/1.1" 200 None
INFO:root:Current price is 112.903
INFO:root:Downtrend at -0.006099999999975125, Heading Up at 2.211753382048542

DEBUG:urllib3.connectionpool:https://api.binance.com:443 "GET /api/v1/klines?interval=30m&symbol=NEOUSDT HTTP/1.1" 200 None
DEBUG:urllib3.connectionpool:https://api.binance.com:443 "GET /api/v1/trades?limit=1&symbol=NEOUSDT HTTP/1.1" 200 None
INFO:root:Current price is 112.57
INFO:root:Downtrend at -0.006099999999975125, Heading Up at 1.8787533820485294

DEBUG:urllib3.connectionpool:https://api.binance.com:443 "GET /api/v1/klines?interval=30m&symbol=NEOUSDT HTTP/1.1" 200 None
DEBUG:urllib3.connectionpool:https://api.binance.com:443 "GET /api/v1/trades?limit=1&symbol=NEOUSDT HTTP/1.1" 200 None
INFO:root:Current price is 112.898
INFO:root:Downtrend at -0.006099999999975125, Heading Up at 2.2067533820485323

DEBUG:urllib3.connectionpool:https://api.binance.com:443 "GET /api/v1/klines?interval=30m&symbol=NEOUSDT HTTP/1.1" 200 None
DEBUG:urllib3.connectionpool:https://api.binance.com:443 "GET /api/v1/trades?limit=1&symbol=NEOUSDT HTTP/1.1" 200 None
INFO:root:Current price is 112.898
INFO:root:Downtrend at -0.006099999999975125, Heading Up at 2.2067533820485323

DEBUG:urllib3.connectionpool:https://api.binance.com:443 "GET /api/v1/klines?interval=30m&symbol=NEOUSDT HTTP/1.1" 200 None
DEBUG:urllib3.connectionpool:https://api.binance.com:443 "GET /api/v1/trades?limit=1&symbol=NEOUSDT HTTP/1.1" 200 None
INFO:root:Current price is 112.79
INFO:root:Downtrend at -0.006099999999975125, Heading Up at 2.0987533820485424

DEBUG:urllib3.connectionpool:https://api.binance.com:443 "GET /api/v1/klines?interval=30m&symbol=NEOUSDT HTTP/1.1" 200 None
DEBUG:urllib3.connectionpool:https://api.binance.com:443 "GET /api/v1/trades?limit=1&symbol=NEOUSDT HTTP/1.1" 200 None
INFO:root:Current price is 112.86
INFO:root:Downtrend at -0.006099999999975125, Heading Up at 2.1687533820485356

DEBUG:urllib3.connectionpool:https://api.binance.com:443 "GET /api/v1/klines?interval=30m&symbol=NEOUSDT HTTP/1.1" 200 None
DEBUG:urllib3.connectionpool:https://api.binance.com:443 "GET /api/v1/trades?limit=1&symbol=NEOUSDT HTTP/1.1" 200 None
INFO:root:Current price is 112.74
INFO:root:Downtrend at -0.006099999999975125, Heading Up at 2.048753382048531

DEBUG:urllib3.connectionpool:https://api.binance.com:443 "GET /api/v1/klines?interval=30m&symbol=NEOUSDT HTTP/1.1" 200 None
DEBUG:urllib3.connectionpool:https://api.binance.com:443 "GET /api/v1/trades?limit=1&symbol=NEOUSDT HTTP/1.1" 200 None
INFO:root:Current price is 112.74
INFO:root:Downtrend at -0.006099999999975125, Heading Up at 2.048753382048531

DEBUG:urllib3.connectionpool:https://api.binance.com:443 "GET /api/v1/klines?interval=30m&symbol=NEOUSDT HTTP/1.1" 200 None
DEBUG:urllib3.connectionpool:https://api.binance.com:443 "GET /api/v1/trades?limit=1&symbol=NEOUSDT HTTP/1.1" 200 None
INFO:root:Current price is 112.75
INFO:root:Downtrend at -0.006099999999975125, Heading Up at 2.058753382048536

DEBUG:urllib3.connectionpool:https://api.binance.com:443 "GET /api/v1/klines?interval=30m&symbol=NEOUSDT HTTP/1.1" 200 None
DEBUG:urllib3.connectionpool:https://api.binance.com:443 "GET /api/v1/trades?limit=1&symbol=NEOUSDT HTTP/1.1" 200 None
INFO:root:Current price is 112.75
INFO:root:Downtrend at -0.006099999999975125, Heading Up at 2.058753382048536

DEBUG:urllib3.connectionpool:https://api.binance.com:443 "GET /api/v1/klines?interval=30m&symbol=NEOUSDT HTTP/1.1" 200 None
DEBUG:urllib3.connectionpool:https://api.binance.com:443 "GET /api/v1/trades?limit=1&symbol=NEOUSDT HTTP/1.1" 200 None
INFO:root:Current price is 112.81
INFO:root:Downtrend at -0.006099999999975125, Heading Up at 2.1187533820485385

DEBUG:urllib3.connectionpool:https://api.binance.com:443 "GET /api/v1/klines?interval=30m&symbol=NEOUSDT HTTP/1.1" 200 None
DEBUG:urllib3.connectionpool:https://api.binance.com:443 "GET /api/v1/trades?limit=1&symbol=NEOUSDT HTTP/1.1" 200 None
INFO:root:Current price is 112.81
INFO:root:Downtrend at -0.006099999999975125, Heading Up at 2.1187533820485385

DEBUG:urllib3.connectionpool:https://api.binance.com:443 "GET /api/v1/klines?interval=30m&symbol=NEOUSDT HTTP/1.1" 200 None
DEBUG:urllib3.connectionpool:https://api.binance.com:443 "GET /api/v1/trades?limit=1&symbol=NEOUSDT HTTP/1.1" 200 None
INFO:root:Current price is 112.641
INFO:root:Downtrend at -0.006099999999975125, Heading Up at 1.9497533820485415

DEBUG:urllib3.connectionpool:https://api.binance.com:443 "GET /api/v1/klines?interval=30m&symbol=NEOUSDT HTTP/1.1" 200 None
DEBUG:urllib3.connectionpool:https://api.binance.com:443 "GET /api/v1/trades?limit=1&symbol=NEOUSDT HTTP/1.1" 200 None
INFO:root:Current price is 112.899
INFO:root:Downtrend at -0.006099999999975125, Heading Up at 2.207753382048537

DEBUG:urllib3.connectionpool:https://api.binance.com:443 "GET /api/v1/klines?interval=30m&symbol=NEOUSDT HTTP/1.1" 200 None
DEBUG:urllib3.connectionpool:https://api.binance.com:443 "GET /api/v1/trades?limit=1&symbol=NEOUSDT HTTP/1.1" 200 None
INFO:root:Current price is 112.899
INFO:root:Downtrend at -0.006099999999975125, Heading Up at 2.207753382048537

DEBUG:urllib3.connectionpool:https://api.binance.com:443 "GET /api/v1/klines?interval=30m&symbol=NEOUSDT HTTP/1.1" 200 None
DEBUG:urllib3.connectionpool:https://api.binance.com:443 "GET /api/v1/trades?limit=1&symbol=NEOUSDT HTTP/1.1" 200 None
INFO:root:Current price is 112.899
INFO:root:Downtrend at -0.006099999999975125, Heading Up at 2.207753382048537

DEBUG:urllib3.connectionpool:https://api.binance.com:443 "GET /api/v1/klines?interval=30m&symbol=NEOUSDT HTTP/1.1" 200 None
DEBUG:urllib3.connectionpool:https://api.binance.com:443 "GET /api/v1/trades?limit=1&symbol=NEOUSDT HTTP/1.1" 200 None
INFO:root:Current price is 112.899
INFO:root:Downtrend at -0.006099999999975125, Heading Up at 2.207753382048537

